Building DAG of jobs...
Creating conda environment /fast/home/users/szyskam_c/snakes/develop/dockersnake/includes/../env/samba-env.yml...
Downloading and installing remote packages.
Environment for ../../../../../home/users/szyskam_c/snakes/develop/dockersnake/env/samba-env.yml created (location: .snakemake/conda/3ca628dd)
Creating conda environment /fast/home/users/szyskam_c/snakes/develop/dockersnake/includes/../env/eb-env.yml...
Downloading and installing remote packages.
Environment for ../../../../../home/users/szyskam_c/snakes/develop/dockersnake/env/eb-env.yml created (location: .snakemake/conda/d9b5b83e)
Using shell: /usr/bin/bash
Provided cores: 20
Rules claiming more threads will be scaled down.
Job counts:
	count	jobs
	1	all
	23	anno2EB
	23	get_table
	1	mergeEBscore
	1	merge_final_bam
	23	split_final_bam
	72
KeyError in line 43 of /fast/home/users/szyskam_c/snakes/develop/dockersnake/Snakefile:
'setup'
  File "/fast/home/users/szyskam_c/snakes/develop/dockersnake/Snakefile", line 43, in __onstart
